Determining if the pthread_create exist failed with the following output:
Change Dir: /home/tl/esp/obyte-cpp/cmake-build-debug/CMakeFiles/CMakeTmp

Run Build Command:"/usr/bin/make" "cmTC_c9c9a/fast"
/usr/bin/make -f CMakeFiles/cmTC_c9c9a.dir/build.make CMakeFiles/cmTC_c9c9a.dir/build
make[1]: Entering directory '/home/tl/esp/obyte-cpp/cmake-build-debug/CMakeFiles/CMakeTmp'
Building C object CMakeFiles/cmTC_c9c9a.dir/CheckSymbolExists.c.o
/usr/bin/cc    -o CMakeFiles/cmTC_c9c9a.dir/CheckSymbolExists.c.o   -c /home/tl/esp/obyte-cpp/cmake-build-debug/CMakeFiles/CMakeTmp/CheckSymbolExists.c
Linking C executable cmTC_c9c9a
/home/tl/Apps/clion-2018.3.4/bin/cmake/linux/bin/cmake -E cmake_link_script CMakeFiles/cmTC_c9c9a.dir/link.txt --verbose=1
/usr/bin/cc      CMakeFiles/cmTC_c9c9a.dir/CheckSymbolExists.c.o  -o cmTC_c9c9a 
/usr/bin/ld: CMakeFiles/cmTC_c9c9a.dir/CheckSymbolExists.c.o: in function `main':
CheckSymbolExists.c:(.text+0x1b): undefined reference to `pthread_create'
collect2: error: ld returned 1 exit status
make[1]: *** [CMakeFiles/cmTC_c9c9a.dir/build.make:87: cmTC_c9c9a] Error 1
make[1]: Leaving directory '/home/tl/esp/obyte-cpp/cmake-build-debug/CMakeFiles/CMakeTmp'
make: *** [Makefile:121: cmTC_c9c9a/fast] Error 2

File /home/tl/esp/obyte-cpp/cmake-build-debug/CMakeFiles/CMakeTmp/CheckSymbolExists.c:
/* */
#include <pthread.h>

int main(int argc, char** argv)
{
  (void)argv;
#ifndef pthread_create
  return ((int*)(&pthread_create))[argc];
#else
  (void)argc;
  return 0;
#endif
}

Determining if the function pthread_create exists in the pthreads failed with the following output:
Change Dir: /home/tl/esp/obyte-cpp/cmake-build-debug/CMakeFiles/CMakeTmp

Run Build Command:"/usr/bin/make" "cmTC_ce7b2/fast"
/usr/bin/make -f CMakeFiles/cmTC_ce7b2.dir/build.make CMakeFiles/cmTC_ce7b2.dir/build
make[1]: Entering directory '/home/tl/esp/obyte-cpp/cmake-build-debug/CMakeFiles/CMakeTmp'
Building C object CMakeFiles/cmTC_ce7b2.dir/CheckFunctionExists.c.o
/usr/bin/cc   -DCHECK_FUNCTION_EXISTS=pthread_create   -o CMakeFiles/cmTC_ce7b2.dir/CheckFunctionExists.c.o   -c /home/tl/Apps/clion-2018.3.4/bin/cmake/linux/share/cmake-3.13/Modules/CheckFunctionExists.c
Linking C executable cmTC_ce7b2
/home/tl/Apps/clion-2018.3.4/bin/cmake/linux/bin/cmake -E cmake_link_script CMakeFiles/cmTC_ce7b2.dir/link.txt --verbose=1
/usr/bin/cc  -DCHECK_FUNCTION_EXISTS=pthread_create    CMakeFiles/cmTC_ce7b2.dir/CheckFunctionExists.c.o  -o cmTC_ce7b2 -lpthreads 
/usr/bin/ld: cannot find -lpthreads
collect2: error: ld returned 1 exit status
make[1]: *** [CMakeFiles/cmTC_ce7b2.dir/build.make:87: cmTC_ce7b2] Error 1
make[1]: Leaving directory '/home/tl/esp/obyte-cpp/cmake-build-debug/CMakeFiles/CMakeTmp'
make: *** [Makefile:121: cmTC_ce7b2/fast] Error 2


